[debug] [2019-03-03T03:16:22.301Z] ----------------------------------------------------------------------
[debug] [2019-03-03T03:16:22.303Z] Command:       /usr/local/bin/node /usr/local/bin/firebase deploy --only functions:updateUserCategories
[debug] [2019-03-03T03:16:22.303Z] CLI Version:   6.3.0
[debug] [2019-03-03T03:16:22.303Z] Platform:      darwin
[debug] [2019-03-03T03:16:22.303Z] Node Version:  v8.12.0
[debug] [2019-03-03T03:16:22.305Z] Time:          Sat Mar 02 2019 19:16:22 GMT-0800 (PST)
[debug] [2019-03-03T03:16:22.305Z] ----------------------------------------------------------------------
[debug] 
[debug] [2019-03-03T03:16:22.319Z] > command requires scopes: ["email","openid","https://www.googleapis.com/auth/cloudplatformprojects.readonly","https://www.googleapis.com/auth/firebase","https://www.googleapis.com/auth/cloud-platform"]
[debug] [2019-03-03T03:16:22.319Z] > authorizing via signed-in user
[debug] [2019-03-03T03:16:22.319Z] [iam] checking project sya-app for permissions ["cloudfunctions.functions.create","cloudfunctions.functions.delete","cloudfunctions.functions.get","cloudfunctions.functions.list","cloudfunctions.functions.update","cloudfunctions.operations.get","firebase.projects.get"]
[debug] [2019-03-03T03:16:22.321Z] >>> HTTP REQUEST POST https://cloudresourcemanager.googleapis.com/v1/projects/sya-app:testIamPermissions  

[debug] [2019-03-03T03:17:18.987Z] ----------------------------------------------------------------------
[debug] [2019-03-03T03:17:18.989Z] Command:       /usr/local/bin/node /usr/local/bin/firebase serve --only functions:updateUserCategories
[debug] [2019-03-03T03:17:18.989Z] CLI Version:   6.3.0
[debug] [2019-03-03T03:17:18.989Z] Platform:      darwin
[debug] [2019-03-03T03:17:18.989Z] Node Version:  v8.12.0
[debug] [2019-03-03T03:17:18.990Z] Time:          Sat Mar 02 2019 19:17:18 GMT-0800 (PST)
[debug] [2019-03-03T03:17:18.990Z] ----------------------------------------------------------------------
[debug] 
[debug] [2019-03-03T03:17:19.004Z] > command requires scopes: ["email","openid","https://www.googleapis.com/auth/cloudplatformprojects.readonly","https://www.googleapis.com/auth/firebase","https://www.googleapis.com/auth/cloud-platform"]
[debug] [2019-03-03T03:17:19.004Z] > authorizing via signed-in user
[debug] [2019-03-03T03:17:19.004Z] [iam] checking project sya-app for permissions ["firebase.projects.get"]
[debug] [2019-03-03T03:17:19.006Z] > refreshing access token with scopes: ["email","https://www.googleapis.com/auth/cloud-platform","https://www.googleapis.com/auth/cloudplatformprojects.readonly","https://www.googleapis.com/auth/firebase","openid"]
[debug] [2019-03-03T03:17:19.006Z] >>> HTTP REQUEST POST https://www.googleapis.com/oauth2/v3/token  
 <request body omitted>
